<?xml version="1.0" encoding="UTF-8"?>
<testng-results ignored="1" total="4" passed="3" failed="0" skipped="0">
  <reporter-output>
  </reporter-output>
  <suite started-at="2025-01-15T14:53:21 EET" name="Booking App Suite" finished-at="2025-01-15T14:56:23 EET" duration-ms="182223">
    <groups>
    </groups>
    <test started-at="2025-01-15T14:53:21 EET" name="test" finished-at="2025-01-15T14:56:23 EET" duration-ms="182223">
      <class name="booking.tests.StaysTest">
        <test-method is-config="true" signature="beforeSuite()[pri:0, instance:booking.tests.StaysTest@475c9c31]" started-at="2025-01-15T14:53:21 EET" name="beforeSuite" finished-at="2025-01-15T14:53:21 EET" duration-ms="93" status="PASS">
          <reporter-output>
          </reporter-output>
        </test-method> <!-- beforeSuite -->
        <test-method is-config="true" signature="beforeMethod()[pri:0, instance:booking.tests.StaysTest@475c9c31]" started-at="2025-01-15T14:53:21 EET" name="beforeMethod" finished-at="2025-01-15T14:53:43 EET" duration-ms="21498" status="PASS">
          <reporter-output>
          </reporter-output>
        </test-method> <!-- beforeMethod -->
        <test-method signature="testReserveStayWithFreeCancelationAndLowCost()[pri:0, instance:booking.tests.StaysTest@475c9c31]" started-at="2025-01-15T14:53:43 EET" name="testReserveStayWithFreeCancelationAndLowCost" finished-at="2025-01-15T14:54:31 EET" duration-ms="47926" status="PASS">
          <reporter-output>
          </reporter-output>
        </test-method> <!-- testReserveStayWithFreeCancelationAndLowCost -->
        <test-method is-config="true" signature="afterMethod()[pri:0, instance:booking.tests.StaysTest@475c9c31]" started-at="2025-01-15T14:54:31 EET" name="afterMethod" finished-at="2025-01-15T14:54:31 EET" duration-ms="708" status="PASS">
          <reporter-output>
          </reporter-output>
        </test-method> <!-- afterMethod -->
        <test-method is-config="true" signature="beforeMethod()[pri:0, instance:booking.tests.StaysTest@475c9c31]" started-at="2025-01-15T14:54:31 EET" name="beforeMethod" finished-at="2025-01-15T14:54:52 EET" duration-ms="20412" status="PASS">
          <reporter-output>
          </reporter-output>
        </test-method> <!-- beforeMethod -->
        <test-method signature="testSavedToFavouriteItem()[pri:0, instance:booking.tests.StaysTest@475c9c31]" started-at="2025-01-15T14:54:52 EET" name="testSavedToFavouriteItem" finished-at="2025-01-15T14:55:25 EET" duration-ms="33059" status="PASS">
          <reporter-output>
          </reporter-output>
        </test-method> <!-- testSavedToFavouriteItem -->
        <test-method is-config="true" signature="afterMethod()[pri:0, instance:booking.tests.StaysTest@475c9c31]" started-at="2025-01-15T14:55:25 EET" name="afterMethod" finished-at="2025-01-15T14:55:26 EET" duration-ms="857" status="PASS">
          <reporter-output>
          </reporter-output>
        </test-method> <!-- afterMethod -->
        <test-method is-config="true" signature="beforeMethod()[pri:0, instance:booking.tests.StaysTest@475c9c31]" started-at="2025-01-15T14:55:26 EET" name="beforeMethod" finished-at="2025-01-15T14:55:47 EET" duration-ms="21002" status="PASS">
          <reporter-output>
          </reporter-output>
        </test-method> <!-- beforeMethod -->
        <test-method signature="testFilterWithVeryGood()[pri:0, instance:booking.tests.StaysTest@475c9c31]" started-at="2025-01-15T14:55:47 EET" name="testFilterWithVeryGood" finished-at="2025-01-15T14:56:23 EET" duration-ms="35978" status="PASS">
          <reporter-output>
          </reporter-output>
        </test-method> <!-- testFilterWithVeryGood -->
        <test-method is-config="true" signature="afterMethod()[pri:0, instance:booking.tests.StaysTest@475c9c31]" started-at="2025-01-15T14:56:23 EET" name="afterMethod" finished-at="2025-01-15T14:56:23 EET" duration-ms="657" status="PASS">
          <reporter-output>
          </reporter-output>
        </test-method> <!-- afterMethod -->
        <test-method is-config="true" signature="afterSuite()[pri:0, instance:booking.tests.StaysTest@475c9c31]" started-at="2025-01-15T14:56:23 EET" name="afterSuite" finished-at="2025-01-15T14:56:24 EET" duration-ms="274" status="PASS">
          <reporter-output>
          </reporter-output>
        </test-method> <!-- afterSuite -->
      </class> <!-- booking.tests.StaysTest -->
    </test> <!-- test -->
  </suite> <!-- Booking App Suite -->
</testng-results>
