<?xml version="1.0" encoding="UTF-8"?>
<!-- Generated by org.testng.reporters.JUnitXMLReporter -->
<testsuite ignored="1" hostname="LAPTOP-3G6PEO70" failures="0" tests="3" name="test" time="182.223" errors="0" timestamp="2025-01-15T14:56:23 EET">
  <testcase classname="booking.tests.StaysTest" name="testReserveStayWithFreeCancelationAndLowCost" time="47.926"/>
  <testcase classname="booking.tests.StaysTest" name="testSavedToFavouriteItem" time="33.059"/>
  <testcase classname="booking.tests.StaysTest" name="testFilterWithVeryGood" time="35.978"/>
  <testcase classname="booking.tests.StaysTest" name="testloginWithMail" time="0.0">
    <ignored/>
  </testcase> <!-- testloginWithMail -->
</testsuite> <!-- test -->
