<?xml version="1.0" encoding="UTF-8"?>
<!-- Generated by org.testng.reporters.JUnitXMLReporter -->
<testsuite ignored="3" hostname="LAPTOP-3G6PEO70" failures="0" tests="1" name="Default test" time="111.795" errors="0" timestamp="2025-01-15T14:44:27 EET">
  <testcase classname="booking.tests.StaysTest" name="testFilterWithVeryGood" time="49.943"/>
  <testcase classname="booking.tests.StaysTest" name="testloginWithMail" time="0.0">
    <ignored/>
  </testcase> <!-- testloginWithMail -->
  <testcase classname="booking.tests.StaysTest" name="testSavedToFavouriteItem" time="0.0">
    <ignored/>
  </testcase> <!-- testSavedToFavouriteItem -->
  <testcase classname="booking.tests.StaysTest" name="testReserveStayWithFreeCancelationAndLowCost" time="0.0">
    <ignored/>
  </testcase> <!-- testReserveStayWithFreeCancelationAndLowCost -->
</testsuite> <!-- Default test -->
